#
# There is insufficient memory for the Java Runtime Environment to continue.
# Native memory allocation (malloc) failed to allocate 1048576 bytes for AllocateHeap
# Possible reasons:
#   The system is out of physical RAM or swap space
#   The process is running with CompressedOops enabled, and the Java Heap may be blocking the growth of the native heap
# Possible solutions:
#   Reduce memory load on the system
#   Increase physical memory or swap space
#   Check if swap backing store is full
#   Decrease Java heap size (-Xmx/-Xms)
#   Decrease number of Java threads
#   Decrease Java thread stack sizes (-Xss)
#   Set larger code cache with -XX:ReservedCodeCacheSize=
#   JVM is running with Unscaled Compressed Oops mode in which the Java heap is
#     placed in the first 4GB address space. The Java Heap base address is the
#     maximum limit for the native heap growth. Please use -XX:HeapBaseMinAddress
#     to set the Java Heap base and to place the Java Heap above 4GB virtual address.
# This output file may be truncated or incomplete.
#
#  Out of Memory Error (allocation.cpp:44), pid=71296, tid=78940
#
# JRE version:  (19.0.2+7) (build )
# Java VM: Java HotSpot(TM) 64-Bit Server VM (19.0.2+7-44, mixed mode, sharing, tiered, compressed oops, compressed class ptrs, g1 gc, windows-amd64)
# No core dump will be written. Minidumps are not enabled by default on client versions of Windows
#

---------------  S U M M A R Y ------------

Command Line: -Dfile.encoding=UTF-8 --module-path=C:\Users\joaov\OneDrive\Ambiente de Trabalho\Projeto Final Poo\Tetris 2.0\Nova pasta (2)\build\classes tetris.gui.GraphicsTetrisDialog

Host: AMD Ryzen 3 3250U with Radeon Graphics         , 4 cores, 5G,  Windows 11 , 64 bit Build 22000 (10.0.22000.708)
Time: Fri Jun  9 16:56:36 2023 Hora de Verão de GMT elapsed time: 0.015291 seconds (0d 0h 0m 0s)

---------------  T H R E A D  ---------------

Current thread (0x000001b57e66d300):  JavaThread "Unknown thread" [_thread_in_vm, id=78940, stack(0x0000008ddaf00000,0x0000008ddb000000)]

Stack: [0x0000008ddaf00000,0x0000008ddb000000]
Native frames: (J=compiled Java code, j=interpreted, Vv=VM code, C=native code)
V  [jvm.dll+0x6ee21a]
V  [jvm.dll+0x85765e]
V  [jvm.dll+0x85904e]
V  [jvm.dll+0x859703]
V  [jvm.dll+0x28298f]
V  [jvm.dll+0xc406b]
V  [jvm.dll+0x335779]
V  [jvm.dll+0x32d874]
V  [jvm.dll+0x821780]
V  [jvm.dll+0x3c2661]
V  [jvm.dll+0x801f51]
V  [jvm.dll+0x44ae8f]
V  [jvm.dll+0x44c811]
C  [jli.dll+0x5287]
C  [ucrtbase.dll+0x26c0c]
C  [KERNEL32.DLL+0x154e0]
C  [ntdll.dll+0x485b]


---------------  P R O C E S S  ---------------

Threads class SMR info:
_java_thread_list=0x00007ffc86c4d048, length=0, elements={
}

Java Threads: ( => current thread )

Other Threads:
  0x000001b57e6bce50 WorkerThread "GC Thread#0" [stack: 0x0000008ddb000000,0x0000008ddb100000] [id=76744]

[error occurred during error reporting (printing all threads), id 0xc0000005, EXCEPTION_ACCESS_VIOLATION (0xc0000005) at pc=0x00007ffc8640a930]

VM state: not at safepoint (not fully initialized)

VM Mutex/Monitor currently owned by a thread:  ([mutex/lock_event])
[0x000001b57e66c5a0] Heap_lock - owner thread: 0x000001b57e66d300

Heap address: 0x00000000a1e00000, size: 1506 MB, Compressed Oops mode: 32-bit

CDS archive(s) mapped at: [0x0000000000000000-0x0000000000000000-0x0000000000000000), size 0, SharedBaseAddress: 0x0000000800000000, ArchiveRelocationMode: 0.
Narrow klass base: 0x0000000000000000, Narrow klass shift: 0, Narrow klass range: 0x0

GC Precious Log:
 CardTable entry size: 512
 Card Set container configuration: InlinePtr #cards 5 size 8 Array Of Cards #cards 12 size 40 Howl #buckets 4 coarsen threshold 1843 Howl Bitmap #cards 512 size 80 coarsen threshold 460 Card regions per heap region 1 cards per card region 2048

Heap:
 garbage-first heap   total 0K, used 0K [0x00000000a1e00000, 0x0000000100000000)
  region size 1024K, 0 young (0K), 0 survivors (0K)

[error occurred during error reporting (printing heap information), id 0xc0000005, EXCEPTION_ACCESS_VIOLATION (0xc0000005) at pc=0x00007ffc86816649]

GC Heap History (0 events):
No events

Dll operation events (1 events):
Event: 0.008 Loaded shared library C:\Program Files\Java\jdk-19\bin\java.dll

Deoptimization events (0 events):
No events

Classes loaded (0 events):
No events

Classes unloaded (0 events):
No events

Classes redefined (0 events):
No events

Internal exceptions (0 events):
No events

VM Operations (0 events):
No events

Events (0 events):
No events


Dynamic libraries:
0x00007ff693c00000 - 0x00007ff693c10000 	C:\Program Files\Java\jdk-19\bin\java.exe
0x00007ffcdefc0000 - 0x00007ffcdf1c9000 	C:\WINDOWS\SYSTEM32\ntdll.dll
0x00007ffcdd500000 - 0x00007ffcdd5bd000 	C:\WINDOWS\System32\KERNEL32.DLL
0x00007ffcdc5c0000 - 0x00007ffcdc939000 	C:\WINDOWS\System32\KERNELBASE.dll
0x00007ffcdcad0000 - 0x00007ffcdcbe1000 	C:\WINDOWS\System32\ucrtbase.dll
0x00007ffcd4d60000 - 0x00007ffcd4d7b000 	C:\Program Files\Java\jdk-19\bin\VCRUNTIME140.dll
0x00007ffcd9060000 - 0x00007ffcd9078000 	C:\Program Files\Java\jdk-19\bin\jli.dll
0x00007ffcdd290000 - 0x00007ffcdd33e000 	C:\WINDOWS\System32\ADVAPI32.dll
0x00007ffcdd1e0000 - 0x00007ffcdd283000 	C:\WINDOWS\System32\msvcrt.dll
0x00007ffcdd380000 - 0x00007ffcdd41e000 	C:\WINDOWS\System32\sechost.dll
0x00007ffcdcf00000 - 0x00007ffcdd020000 	C:\WINDOWS\System32\RPCRT4.dll
0x00007ffcddaf0000 - 0x00007ffcddc9c000 	C:\WINDOWS\System32\USER32.dll
0x00007ffcdce20000 - 0x00007ffcdce46000 	C:\WINDOWS\System32\win32u.dll
0x00007ffcc0440000 - 0x00007ffcc06e5000 	C:\WINDOWS\WinSxS\amd64_microsoft.windows.common-controls_6595b64144ccf1df_6.0.22000.120_none_9d947278b86cc467\COMCTL32.dll
0x00007ffcde360000 - 0x00007ffcde389000 	C:\WINDOWS\System32\GDI32.dll
0x00007ffcdc4a0000 - 0x00007ffcdc5b2000 	C:\WINDOWS\System32\gdi32full.dll
0x00007ffcdc9b0000 - 0x00007ffcdca4d000 	C:\WINDOWS\System32\msvcp_win.dll
0x00007ffcd2de0000 - 0x00007ffcd2dea000 	C:\WINDOWS\SYSTEM32\VERSION.dll
0x00007ffcdd340000 - 0x00007ffcdd371000 	C:\WINDOWS\System32\IMM32.DLL
0x00007ffcd8190000 - 0x00007ffcd819c000 	C:\Program Files\Java\jdk-19\bin\vcruntime140_1.dll
0x00007ffcb3fa0000 - 0x00007ffcb402e000 	C:\Program Files\Java\jdk-19\bin\msvcp140.dll
0x00007ffc860d0000 - 0x00007ffc86d90000 	C:\Program Files\Java\jdk-19\bin\server\jvm.dll
0x00007ffcd4d80000 - 0x00007ffcd4db3000 	C:\WINDOWS\SYSTEM32\WINMM.dll
0x00007ffcd8230000 - 0x00007ffcd8239000 	C:\WINDOWS\SYSTEM32\WSOCK32.dll
0x00007ffcdef10000 - 0x00007ffcdef7f000 	C:\WINDOWS\System32\WS2_32.dll
0x00007ffcdb5a0000 - 0x00007ffcdb5b8000 	C:\WINDOWS\SYSTEM32\kernel.appcore.dll
0x00007ffcd8160000 - 0x00007ffcd816a000 	C:\Program Files\Java\jdk-19\bin\jimage.dll
0x00007ffcda250000 - 0x00007ffcda471000 	C:\WINDOWS\SYSTEM32\DBGHELP.DLL
0x00007ffcc22b0000 - 0x00007ffcc22e1000 	C:\WINDOWS\SYSTEM32\dbgcore.DLL
0x00007ffcdca50000 - 0x00007ffcdcacf000 	C:\WINDOWS\System32\bcryptPrimitives.dll
0x00007ffccd8d0000 - 0x00007ffccd8f6000 	C:\Program Files\Java\jdk-19\bin\java.dll

dbghelp: loaded successfully - version: 4.0.5 - missing functions: none
symbol engine: initialized successfully - sym options: 0x614 - pdb path: .;C:\Program Files\Java\jdk-19\bin;C:\WINDOWS\SYSTEM32;C:\WINDOWS\WinSxS\amd64_microsoft.windows.common-controls_6595b64144ccf1df_6.0.22000.120_none_9d947278b86cc467;C:\Program Files\Java\jdk-19\bin\server

VM Arguments:
jvm_args: -Dfile.encoding=UTF-8 --module-path=C:\Users\joaov\OneDrive\Ambiente de Trabalho\Projeto Final Poo\Tetris 2.0\Nova pasta (2)\build\classes 
java_command: tetris.gui.GraphicsTetrisDialog
java_class_path (initial): C:\Users\joaov\OneDrive\Ambiente de Trabalho\Projeto Final Poo\Tetris 2.0\Nova pasta (2)\build\classes
Launcher Type: SUN_STANDARD

[Global flags]
     intx CICompilerCount                          = 3                                         {product} {ergonomic}
     uint ConcGCThreads                            = 1                                         {product} {ergonomic}
     uint G1ConcRefinementThreads                  = 4                                         {product} {ergonomic}
   size_t G1HeapRegionSize                         = 1048576                                   {product} {ergonomic}
    uintx GCDrainStackTargetSize                   = 64                                        {product} {ergonomic}
   size_t InitialHeapSize                          = 100663296                                 {product} {ergonomic}
   size_t MarkStackSize                            = 4194304                                   {product} {ergonomic}
   size_t MaxHeapSize                              = 1579155456                                {product} {ergonomic}
   size_t MinHeapDeltaBytes                        = 1048576                                   {product} {ergonomic}
   size_t MinHeapSize                              = 8388608                                   {product} {ergonomic}
    uintx NonNMethodCodeHeapSize                   = 5832780                                {pd product} {ergonomic}
    uintx NonProfiledCodeHeapSize                  = 122912730                              {pd product} {ergonomic}
    uintx ProfiledCodeHeapSize                     = 122912730                              {pd product} {ergonomic}
    uintx ReservedCodeCacheSize                    = 251658240                              {pd product} {ergonomic}
     bool SegmentedCodeCache                       = true                                      {product} {ergonomic}
   size_t SoftMaxHeapSize                          = 1579155456                             {manageable} {ergonomic}
     bool UseCompressedClassPointers               = true                           {product lp64_product} {ergonomic}
     bool UseCompressedOops                        = true                           {product lp64_product} {ergonomic}
     bool UseG1GC                                  = true                                      {product} {ergonomic}
     bool UseLargePagesIndividualAllocation        = false                                  {pd product} {ergonomic}

Logging:
Log output configuration:
 #0: stdout all=warning uptime,level,tags foldmultilines=false
 #1: stderr all=off uptime,level,tags foldmultilines=false

Environment Variables:
JAVA_HOME=C:\Users\joaov\AppData\Local\Programs\Eclipse Adoptium\jdk-11.0.13.8-hotspot\
PATH=C:\Program Files\Common Files\Oracle\Java\javapath;C:\Program Files (x86)\Common Files\Oracle\Java\javapath;C:\WINDOWS\system32;C:\WINDOWS;C:\WINDOWS\System32\Wbem;C:\WINDOWS\System32\WindowsPowerShell\v1.0\;C:\WINDOWS\System32\OpenSSH\;C:\Users\joaov\AppData\Local\Programs\Python\Python311\Scripts\;C:\Users\joaov\AppData\Local\Programs\Python\Python311\;C:\Users\joaov\AppData\Local\Programs\Eclipse Adoptium\jdk-11.0.13.8-hotspot\bin;C:\Users\joaov\AppData\Local\Microsoft\WindowsApps;;C:\Users\joaov\AppData\Local\Programs\Microsoft VS Code\bin;C:\Program Files\JetBrains\IntelliJ IDEA 2021.3\bin;;C:\Program Files\JetBrains\PyCharm Community Edition 2022.2.3\bin;
USERNAME=joaov
OS=Windows_NT
PROCESSOR_IDENTIFIER=AMD64 Family 23 Model 24 Stepping 1, AuthenticAMD
TMP=C:\Users\joaov\AppData\Local\Temp
TEMP=C:\Users\joaov\AppData\Local\Temp



---------------  S Y S T E M  ---------------

OS:
 Windows 11 , 64 bit Build 22000 (10.0.22000.708)
OS uptime: 18 days 3:15 hours

CPU: total 4 (initial active 4) (4 cores per cpu, 2 threads per core) family 23 model 24 stepping 1 microcode 0x0, cx8, cmov, fxsr, ht, mmx, 3dnowpref, sse, sse2, sse3, ssse3, sse4a, sse4.1, sse4.2, popcnt, lzcnt, tsc, tscinvbit, avx, avx2, aes, clmul, bmi1, bmi2, adx, sha, fma, vzeroupper, clflush, clflushopt, rdtscp

Memory: 4k page, system-wide physical 6020M (380M free)
TotalPageFile size 21123M (AvailPageFile size 4M)
current process WorkingSet (physical memory assigned to process): 10M, peak: 10M
current process commit charge ("private bytes"): 47M, peak: 48M

vm_info: Java HotSpot(TM) 64-Bit Server VM (19.0.2+7-44) for windows-amd64 JRE (19.0.2+7-44), built on 2022-11-30T18:02:09Z by "mach5one" with MS VC++ 17.1 (VS2022)

END.
