#
# There is insufficient memory for the Java Runtime Environment to continue.
# Native memory allocation (malloc) failed to allocate 32744 bytes for Chunk::new
# Possible reasons:
#   The system is out of physical RAM or swap space
#   The process is running with CompressedOops enabled, and the Java Heap may be blocking the growth of the native heap
# Possible solutions:
#   Reduce memory load on the system
#   Increase physical memory or swap space
#   Check if swap backing store is full
#   Decrease Java heap size (-Xmx/-Xms)
#   Decrease number of Java threads
#   Decrease Java thread stack sizes (-Xss)
#   Set larger code cache with -XX:ReservedCodeCacheSize=
#   JVM is running with Unscaled Compressed Oops mode in which the Java heap is
#     placed in the first 4GB address space. The Java Heap base address is the
#     maximum limit for the native heap growth. Please use -XX:HeapBaseMinAddress
#     to set the Java Heap base and to place the Java Heap above 4GB virtual address.
# This output file may be truncated or incomplete.
#
#  Out of Memory Error (arena.cpp:184), pid=74276, tid=45044
#
# JRE version: Java(TM) SE Runtime Environment (19.0.2+7) (build 19.0.2+7-44)
# Java VM: Java HotSpot(TM) 64-Bit Server VM (19.0.2+7-44, mixed mode, sharing, tiered, compressed oops, compressed class ptrs, g1 gc, windows-amd64)
# No core dump will be written. Minidumps are not enabled by default on client versions of Windows
#

---------------  S U M M A R Y ------------

Command Line: -Dfile.encoding=UTF-8 --module-path=C:\Users\joaov\OneDrive\Ambiente de Trabalho\Projeto Final Poo\Tetris 2.0\Nova pasta (2)\build\classes tetris.gui.GraphicsTetrisDialog

Host: AMD Ryzen 3 3250U with Radeon Graphics         , 4 cores, 5G,  Windows 11 , 64 bit Build 22000 (10.0.22000.708)
Time: Fri Jun  9 16:57:31 2023 Hora de Verão de GMT elapsed time: 0.411443 seconds (0d 0h 0m 0s)

---------------  T H R E A D  ---------------

Current thread (0x00000204f897a590):  JavaThread "C1 CompilerThread0" daemon [_thread_in_native, id=45044, stack(0x000000e6fc800000,0x000000e6fc900000)]


Current CompileTask:
C1:    411  588       3       javax.swing.UIDefaults$TextAndMnemonicHashMap::get (358 bytes)

Stack: [0x000000e6fc800000,0x000000e6fc900000]
Native frames: (J=compiled Java code, j=interpreted, Vv=VM code, C=native code)
V  [jvm.dll+0x6ee21a]
V  [jvm.dll+0x85765e]
V  [jvm.dll+0x85904e]
V  [jvm.dll+0x859703]
V  [jvm.dll+0x28298f]
V  [jvm.dll+0xc9adf]
V  [jvm.dll+0xc9e65]
V  [jvm.dll+0x148bb5]
V  [jvm.dll+0x1a75b1]
V  [jvm.dll+0x1a7ba3]
V  [jvm.dll+0x1616d3]
V  [jvm.dll+0x160fb2]
V  [jvm.dll+0x161208]
V  [jvm.dll+0x160666]
V  [jvm.dll+0x16235d]
V  [jvm.dll+0x25b25a]
V  [jvm.dll+0x2596e8]
V  [jvm.dll+0x807588]
V  [jvm.dll+0x80125a]
V  [jvm.dll+0x6ecf0b]
C  [ucrtbase.dll+0x26c0c]
C  [KERNEL32.DLL+0x154e0]
C  [ntdll.dll+0x485b]


---------------  P R O C E S S  ---------------

Threads class SMR info:
_java_thread_list=0x00000204fcef2600, length=16, elements={
0x00000204f8961fc0, 0x00000204f8962db0, 0x00000204f8969c10, 0x00000204f896a540,
0x00000204f896b610, 0x00000204f896bf40, 0x00000204f8972850, 0x00000204f897a590,
0x00000204f897df00, 0x00000204fcc720c0, 0x00000204fcd2caa0, 0x00000204fcde92a0,
0x00000204fcde97e0, 0x00000204fcebd020, 0x00000204fcf6a020, 0x00000204dbd495b0
}

Java Threads: ( => current thread )
  0x00000204f8961fc0 JavaThread "Reference Handler" daemon [_thread_blocked, id=44820, stack(0x000000e6fc100000,0x000000e6fc200000)]
  0x00000204f8962db0 JavaThread "Finalizer" daemon [_thread_blocked, id=3156, stack(0x000000e6fc200000,0x000000e6fc300000)]
  0x00000204f8969c10 JavaThread "Signal Dispatcher" daemon [_thread_blocked, id=44432, stack(0x000000e6fc300000,0x000000e6fc400000)]
  0x00000204f896a540 JavaThread "Attach Listener" daemon [_thread_blocked, id=29604, stack(0x000000e6fc400000,0x000000e6fc500000)]
  0x00000204f896b610 JavaThread "Service Thread" daemon [_thread_blocked, id=56920, stack(0x000000e6fc500000,0x000000e6fc600000)]
  0x00000204f896bf40 JavaThread "Monitor Deflation Thread" daemon [_thread_blocked, id=64176, stack(0x000000e6fc600000,0x000000e6fc700000)]
  0x00000204f8972850 JavaThread "C2 CompilerThread0" daemon [_thread_in_native, id=60376, stack(0x000000e6fc700000,0x000000e6fc800000)]
=>0x00000204f897a590 JavaThread "C1 CompilerThread0" daemon [_thread_in_native, id=45044, stack(0x000000e6fc800000,0x000000e6fc900000)]
  0x00000204f897df00 JavaThread "Sweeper thread" daemon [_thread_blocked, id=78568, stack(0x000000e6fc900000,0x000000e6fca00000)]
  0x00000204fcc720c0 JavaThread "Common-Cleaner" daemon [_thread_blocked, id=45316, stack(0x000000e6fca00000,0x000000e6fcb00000)]
  0x00000204fcd2caa0 JavaThread "Notification Thread" daemon [_thread_blocked, id=14176, stack(0x000000e6fcb00000,0x000000e6fcc00000)]
  0x00000204fcde92a0 JavaThread "Java2D Disposer" daemon [_thread_blocked, id=51400, stack(0x000000e6fcd00000,0x000000e6fce00000)]
  0x00000204fcde97e0 JavaThread "AWT-Shutdown" [_thread_blocked, id=27256, stack(0x000000e6fce00000,0x000000e6fcf00000)]
  0x00000204fcebd020 JavaThread "AWT-Windows" daemon [_thread_in_native, id=47956, stack(0x000000e6fcf00000,0x000000e6fd000000)]
  0x00000204fcf6a020 JavaThread "AWT-EventQueue-0" [_thread_in_vm, id=40016, stack(0x000000e6fd000000,0x000000e6fd100000)]
  0x00000204dbd495b0 JavaThread "DestroyJavaVM" [_thread_blocked, id=33208, stack(0x000000e6fba00000,0x000000e6fbb00000)]

Other Threads:
  0x00000204f894b4a0 VMThread "VM Thread" [stack: 0x000000e6fc000000,0x000000e6fc100000] [id=10308]
  0x00000204fcd34fd0 WatcherThread "VM Periodic Task Thread" [stack: 0x000000e6fcc00000,0x000000e6fcd00000] [id=9044]
  0x00000204dbd9a3a0 WorkerThread "GC Thread#0" [stack: 0x000000e6fbb00000,0x000000e6fbc00000] [id=14408]
  0x00000204dbda70e0 ConcurrentGCThread "G1 Main Marker" [stack: 0x000000e6fbc00000,0x000000e6fbd00000] [id=71840]
  0x00000204dbda82b0 WorkerThread "G1 Conc#0" [stack: 0x000000e6fbd00000,0x000000e6fbe00000] [id=77892]
  0x00000204dbe13700 ConcurrentGCThread "G1 Refine#0" [stack: 0x000000e6fbe00000,0x000000e6fbf00000] [id=37912]
  0x00000204dbe14240 ConcurrentGCThread "G1 Service" [stack: 0x000000e6fbf00000,0x000000e6fc000000] [id=63408]

Threads with active compile tasks:
C2 CompilerThread0      443  592       4       java.util.HashMap::put (13 bytes)
C1 CompilerThread0      443  588       3       javax.swing.UIDefaults$TextAndMnemonicHashMap::get (358 bytes)

VM state: not at safepoint (normal execution)

VM Mutex/Monitor currently owned by a thread: None

Heap address: 0x00000000a1e00000, size: 1506 MB, Compressed Oops mode: 32-bit

CDS archive(s) mapped at: [0x0000000800000000-0x0000000800c40000-0x0000000800c40000), size 12845056, SharedBaseAddress: 0x0000000800000000, ArchiveRelocationMode: 0.
Compressed class space mapped at: 0x0000000801000000-0x0000000841000000, reserved size: 1073741824
Narrow klass base: 0x0000000800000000, Narrow klass shift: 0, Narrow klass range: 0x100000000

GC Precious Log:
 CardTable entry size: 512
 Card Set container configuration: InlinePtr #cards 5 size 8 Array Of Cards #cards 12 size 40 Howl #buckets 4 coarsen threshold 1843 Howl Bitmap #cards 512 size 80 coarsen threshold 460 Card regions per heap region 1 cards per card region 2048
 CPUs: 4 total, 4 available
 Memory: 6020M
 Large Page Support: Disabled
 NUMA Support: Disabled
 Compressed Oops: Enabled (32-bit)
 Heap Region Size: 1M
 Heap Min Capacity: 8M
 Heap Initial Capacity: 96M
 Heap Max Capacity: 1506M
 Pre-touch: Disabled
 Parallel Workers: 4
 Concurrent Workers: 1
 Concurrent Refinement Workers: 4
 Periodic GC: Disabled

Heap:
 garbage-first heap   total 98304K, used 6144K [0x00000000a1e00000, 0x0000000100000000)
  region size 1024K, 7 young (7168K), 0 survivors (0K)
 Metaspace       used 6566K, committed 6784K, reserved 1114112K
  class space    used 773K, committed 896K, reserved 1048576K

Heap Regions: E=young(eden), S=young(survivor), O=old, HS=humongous(starts), HC=humongous(continues), CS=collection set, F=free, OA=open archive, CA=closed archive, TAMS=top-at-mark-start (previous, next)
|   0|0x00000000a1e00000, 0x00000000a1e00000, 0x00000000a1f00000|  0%| F|  |TAMS 0x00000000a1e00000, 0x00000000a1e00000| Untracked 
|   1|0x00000000a1f00000, 0x00000000a1f00000, 0x00000000a2000000|  0%| F|  |TAMS 0x00000000a1f00000, 0x00000000a1f00000| Untracked 
|   2|0x00000000a2000000, 0x00000000a2000000, 0x00000000a2100000|  0%| F|  |TAMS 0x00000000a2000000, 0x00000000a2000000| Untracked 
|   3|0x00000000a2100000, 0x00000000a2100000, 0x00000000a2200000|  0%| F|  |TAMS 0x00000000a2100000, 0x00000000a2100000| Untracked 
|   4|0x00000000a2200000, 0x00000000a2200000, 0x00000000a2300000|  0%| F|  |TAMS 0x00000000a2200000, 0x00000000a2200000| Untracked 
|   5|0x00000000a2300000, 0x00000000a2300000, 0x00000000a2400000|  0%| F|  |TAMS 0x00000000a2300000, 0x00000000a2300000| Untracked 
|   6|0x00000000a2400000, 0x00000000a2400000, 0x00000000a2500000|  0%| F|  |TAMS 0x00000000a2400000, 0x00000000a2400000| Untracked 
|   7|0x00000000a2500000, 0x00000000a2500000, 0x00000000a2600000|  0%| F|  |TAMS 0x00000000a2500000, 0x00000000a2500000| Untracked 
|   8|0x00000000a2600000, 0x00000000a2600000, 0x00000000a2700000|  0%| F|  |TAMS 0x00000000a2600000, 0x00000000a2600000| Untracked 
|   9|0x00000000a2700000, 0x00000000a2700000, 0x00000000a2800000|  0%| F|  |TAMS 0x00000000a2700000, 0x00000000a2700000| Untracked 
|  10|0x00000000a2800000, 0x00000000a2800000, 0x00000000a2900000|  0%| F|  |TAMS 0x00000000a2800000, 0x00000000a2800000| Untracked 
|  11|0x00000000a2900000, 0x00000000a2900000, 0x00000000a2a00000|  0%| F|  |TAMS 0x00000000a2900000, 0x00000000a2900000| Untracked 
|  12|0x00000000a2a00000, 0x00000000a2a00000, 0x00000000a2b00000|  0%| F|  |TAMS 0x00000000a2a00000, 0x00000000a2a00000| Untracked 
|  13|0x00000000a2b00000, 0x00000000a2b00000, 0x00000000a2c00000|  0%| F|  |TAMS 0x00000000a2b00000, 0x00000000a2b00000| Untracked 
|  14|0x00000000a2c00000, 0x00000000a2c00000, 0x00000000a2d00000|  0%| F|  |TAMS 0x00000000a2c00000, 0x00000000a2c00000| Untracked 
|  15|0x00000000a2d00000, 0x00000000a2d00000, 0x00000000a2e00000|  0%| F|  |TAMS 0x00000000a2d00000, 0x00000000a2d00000| Untracked 
|  16|0x00000000a2e00000, 0x00000000a2e00000, 0x00000000a2f00000|  0%| F|  |TAMS 0x00000000a2e00000, 0x00000000a2e00000| Untracked 
|  17|0x00000000a2f00000, 0x00000000a2f00000, 0x00000000a3000000|  0%| F|  |TAMS 0x00000000a2f00000, 0x00000000a2f00000| Untracked 
|  18|0x00000000a3000000, 0x00000000a3000000, 0x00000000a3100000|  0%| F|  |TAMS 0x00000000a3000000, 0x00000000a3000000| Untracked 
|  19|0x00000000a3100000, 0x00000000a3100000, 0x00000000a3200000|  0%| F|  |TAMS 0x00000000a3100000, 0x00000000a3100000| Untracked 
|  20|0x00000000a3200000, 0x00000000a3200000, 0x00000000a3300000|  0%| F|  |TAMS 0x00000000a3200000, 0x00000000a3200000| Untracked 
|  21|0x00000000a3300000, 0x00000000a3300000, 0x00000000a3400000|  0%| F|  |TAMS 0x00000000a3300000, 0x00000000a3300000| Untracked 
|  22|0x00000000a3400000, 0x00000000a3400000, 0x00000000a3500000|  0%| F|  |TAMS 0x00000000a3400000, 0x00000000a3400000| Untracked 
|  23|0x00000000a3500000, 0x00000000a3500000, 0x00000000a3600000|  0%| F|  |TAMS 0x00000000a3500000, 0x00000000a3500000| Untracked 
|  24|0x00000000a3600000, 0x00000000a3600000, 0x00000000a3700000|  0%| F|  |TAMS 0x00000000a3600000, 0x00000000a3600000| Untracked 
|  25|0x00000000a3700000, 0x00000000a3700000, 0x00000000a3800000|  0%| F|  |TAMS 0x00000000a3700000, 0x00000000a3700000| Untracked 
|  26|0x00000000a3800000, 0x00000000a3800000, 0x00000000a3900000|  0%| F|  |TAMS 0x00000000a3800000, 0x00000000a3800000| Untracked 
|  27|0x00000000a3900000, 0x00000000a3900000, 0x00000000a3a00000|  0%| F|  |TAMS 0x00000000a3900000, 0x00000000a3900000| Untracked 
|  28|0x00000000a3a00000, 0x00000000a3a00000, 0x00000000a3b00000|  0%| F|  |TAMS 0x00000000a3a00000, 0x00000000a3a00000| Untracked 
|  29|0x00000000a3b00000, 0x00000000a3b00000, 0x00000000a3c00000|  0%| F|  |TAMS 0x00000000a3b00000, 0x00000000a3b00000| Untracked 
|  30|0x00000000a3c00000, 0x00000000a3c00000, 0x00000000a3d00000|  0%| F|  |TAMS 0x00000000a3c00000, 0x00000000a3c00000| Untracked 
|  31|0x00000000a3d00000, 0x00000000a3d00000, 0x00000000a3e00000|  0%| F|  |TAMS 0x00000000a3d00000, 0x00000000a3d00000| Untracked 
|  32|0x00000000a3e00000, 0x00000000a3e00000, 0x00000000a3f00000|  0%| F|  |TAMS 0x00000000a3e00000, 0x00000000a3e00000| Untracked 
|  33|0x00000000a3f00000, 0x00000000a3f00000, 0x00000000a4000000|  0%| F|  |TAMS 0x00000000a3f00000, 0x00000000a3f00000| Untracked 
|  34|0x00000000a4000000, 0x00000000a4000000, 0x00000000a4100000|  0%| F|  |TAMS 0x00000000a4000000, 0x00000000a4000000| Untracked 
|  35|0x00000000a4100000, 0x00000000a4100000, 0x00000000a4200000|  0%| F|  |TAMS 0x00000000a4100000, 0x00000000a4100000| Untracked 
|  36|0x00000000a4200000, 0x00000000a4200000, 0x00000000a4300000|  0%| F|  |TAMS 0x00000000a4200000, 0x00000000a4200000| Untracked 
|  37|0x00000000a4300000, 0x00000000a4300000, 0x00000000a4400000|  0%| F|  |TAMS 0x00000000a4300000, 0x00000000a4300000| Untracked 
|  38|0x00000000a4400000, 0x00000000a4400000, 0x00000000a4500000|  0%| F|  |TAMS 0x00000000a4400000, 0x00000000a4400000| Untracked 
|  39|0x00000000a4500000, 0x00000000a4500000, 0x00000000a4600000|  0%| F|  |TAMS 0x00000000a4500000, 0x00000000a4500000| Untracked 
|  40|0x00000000a4600000, 0x00000000a4600000, 0x00000000a4700000|  0%| F|  |TAMS 0x00000000a4600000, 0x00000000a4600000| Untracked 
|  41|0x00000000a4700000, 0x00000000a4700000, 0x00000000a4800000|  0%| F|  |TAMS 0x00000000a4700000, 0x00000000a4700000| Untracked 
|  42|0x00000000a4800000, 0x00000000a4800000, 0x00000000a4900000|  0%| F|  |TAMS 0x00000000a4800000, 0x00000000a4800000| Untracked 
|  43|0x00000000a4900000, 0x00000000a4900000, 0x00000000a4a00000|  0%| F|  |TAMS 0x00000000a4900000, 0x00000000a4900000| Untracked 
|  44|0x00000000a4a00000, 0x00000000a4a00000, 0x00000000a4b00000|  0%| F|  |TAMS 0x00000000a4a00000, 0x00000000a4a00000| Untracked 
|  45|0x00000000a4b00000, 0x00000000a4b00000, 0x00000000a4c00000|  0%| F|  |TAMS 0x00000000a4b00000, 0x00000000a4b00000| Untracked 
|  46|0x00000000a4c00000, 0x00000000a4c00000, 0x00000000a4d00000|  0%| F|  |TAMS 0x00000000a4c00000, 0x00000000a4c00000| Untracked 
|  47|0x00000000a4d00000, 0x00000000a4d00000, 0x00000000a4e00000|  0%| F|  |TAMS 0x00000000a4d00000, 0x00000000a4d00000| Untracked 
|  48|0x00000000a4e00000, 0x00000000a4e00000, 0x00000000a4f00000|  0%| F|  |TAMS 0x00000000a4e00000, 0x00000000a4e00000| Untracked 
|  49|0x00000000a4f00000, 0x00000000a4f00000, 0x00000000a5000000|  0%| F|  |TAMS 0x00000000a4f00000, 0x00000000a4f00000| Untracked 
|  50|0x00000000a5000000, 0x00000000a5000000, 0x00000000a5100000|  0%| F|  |TAMS 0x00000000a5000000, 0x00000000a5000000| Untracked 
|  51|0x00000000a5100000, 0x00000000a5100000, 0x00000000a5200000|  0%| F|  |TAMS 0x00000000a5100000, 0x00000000a5100000| Untracked 
|  52|0x00000000a5200000, 0x00000000a5200000, 0x00000000a5300000|  0%| F|  |TAMS 0x00000000a5200000, 0x00000000a5200000| Untracked 
|  53|0x00000000a5300000, 0x00000000a5300000, 0x00000000a5400000|  0%| F|  |TAMS 0x00000000a5300000, 0x00000000a5300000| Untracked 
|  54|0x00000000a5400000, 0x00000000a5400000, 0x00000000a5500000|  0%| F|  |TAMS 0x00000000a5400000, 0x00000000a5400000| Untracked 
|  55|0x00000000a5500000, 0x00000000a5500000, 0x00000000a5600000|  0%| F|  |TAMS 0x00000000a5500000, 0x00000000a5500000| Untracked 
|  56|0x00000000a5600000, 0x00000000a5600000, 0x00000000a5700000|  0%| F|  |TAMS 0x00000000a5600000, 0x00000000a5600000| Untracked 
|  57|0x00000000a5700000, 0x00000000a5700000, 0x00000000a5800000|  0%| F|  |TAMS 0x00000000a5700000, 0x00000000a5700000| Untracked 
|  58|0x00000000a5800000, 0x00000000a5800000, 0x00000000a5900000|  0%| F|  |TAMS 0x00000000a5800000, 0x00000000a5800000| Untracked 
|  59|0x00000000a5900000, 0x00000000a5900000, 0x00000000a5a00000|  0%| F|  |TAMS 0x00000000a5900000, 0x00000000a5900000| Untracked 
|  60|0x00000000a5a00000, 0x00000000a5a00000, 0x00000000a5b00000|  0%| F|  |TAMS 0x00000000a5a00000, 0x00000000a5a00000| Untracked 
|  61|0x00000000a5b00000, 0x00000000a5b00000, 0x00000000a5c00000|  0%| F|  |TAMS 0x00000000a5b00000, 0x00000000a5b00000| Untracked 
|  62|0x00000000a5c00000, 0x00000000a5c00000, 0x00000000a5d00000|  0%| F|  |TAMS 0x00000000a5c00000, 0x00000000a5c00000| Untracked 
|  63|0x00000000a5d00000, 0x00000000a5d00000, 0x00000000a5e00000|  0%| F|  |TAMS 0x00000000a5d00000, 0x00000000a5d00000| Untracked 
|  64|0x00000000a5e00000, 0x00000000a5e00000, 0x00000000a5f00000|  0%| F|  |TAMS 0x00000000a5e00000, 0x00000000a5e00000| Untracked 
|  65|0x00000000a5f00000, 0x00000000a5f00000, 0x00000000a6000000|  0%| F|  |TAMS 0x00000000a5f00000, 0x00000000a5f00000| Untracked 
|  66|0x00000000a6000000, 0x00000000a6000000, 0x00000000a6100000|  0%| F|  |TAMS 0x00000000a6000000, 0x00000000a6000000| Untracked 
|  67|0x00000000a6100000, 0x00000000a6100000, 0x00000000a6200000|  0%| F|  |TAMS 0x00000000a6100000, 0x00000000a6100000| Untracked 
|  68|0x00000000a6200000, 0x00000000a6200000, 0x00000000a6300000|  0%| F|  |TAMS 0x00000000a6200000, 0x00000000a6200000| Untracked 
|  69|0x00000000a6300000, 0x00000000a6300000, 0x00000000a6400000|  0%| F|  |TAMS 0x00000000a6300000, 0x00000000a6300000| Untracked 
|  70|0x00000000a6400000, 0x00000000a6400000, 0x00000000a6500000|  0%| F|  |TAMS 0x00000000a6400000, 0x00000000a6400000| Untracked 
|  71|0x00000000a6500000, 0x00000000a6500000, 0x00000000a6600000|  0%| F|  |TAMS 0x00000000a6500000, 0x00000000a6500000| Untracked 
|  72|0x00000000a6600000, 0x00000000a6600000, 0x00000000a6700000|  0%| F|  |TAMS 0x00000000a6600000, 0x00000000a6600000| Untracked 
|  73|0x00000000a6700000, 0x00000000a6700000, 0x00000000a6800000|  0%| F|  |TAMS 0x00000000a6700000, 0x00000000a6700000| Untracked 
|  74|0x00000000a6800000, 0x00000000a6800000, 0x00000000a6900000|  0%| F|  |TAMS 0x00000000a6800000, 0x00000000a6800000| Untracked 
|  75|0x00000000a6900000, 0x00000000a6900000, 0x00000000a6a00000|  0%| F|  |TAMS 0x00000000a6900000, 0x00000000a6900000| Untracked 
|  76|0x00000000a6a00000, 0x00000000a6a00000, 0x00000000a6b00000|  0%| F|  |TAMS 0x00000000a6a00000, 0x00000000a6a00000| Untracked 
|  77|0x00000000a6b00000, 0x00000000a6b00000, 0x00000000a6c00000|  0%| F|  |TAMS 0x00000000a6b00000, 0x00000000a6b00000| Untracked 
|  78|0x00000000a6c00000, 0x00000000a6c00000, 0x00000000a6d00000|  0%| F|  |TAMS 0x00000000a6c00000, 0x00000000a6c00000| Untracked 
|  79|0x00000000a6d00000, 0x00000000a6d00000, 0x00000000a6e00000|  0%| F|  |TAMS 0x00000000a6d00000, 0x00000000a6d00000| Untracked 
|  80|0x00000000a6e00000, 0x00000000a6e00000, 0x00000000a6f00000|  0%| F|  |TAMS 0x00000000a6e00000, 0x00000000a6e00000| Untracked 
|  81|0x00000000a6f00000, 0x00000000a6f00000, 0x00000000a7000000|  0%| F|  |TAMS 0x00000000a6f00000, 0x00000000a6f00000| Untracked 
|  82|0x00000000a7000000, 0x00000000a7000000, 0x00000000a7100000|  0%| F|  |TAMS 0x00000000a7000000, 0x00000000a7000000| Untracked 
|  83|0x00000000a7100000, 0x00000000a7100000, 0x00000000a7200000|  0%| F|  |TAMS 0x00000000a7100000, 0x00000000a7100000| Untracked 
|  84|0x00000000a7200000, 0x00000000a7200000, 0x00000000a7300000|  0%| F|  |TAMS 0x00000000a7200000, 0x00000000a7200000| Untracked 
|  85|0x00000000a7300000, 0x00000000a7300000, 0x00000000a7400000|  0%| F|  |TAMS 0x00000000a7300000, 0x00000000a7300000| Untracked 
|  86|0x00000000a7400000, 0x00000000a7400000, 0x00000000a7500000|  0%| F|  |TAMS 0x00000000a7400000, 0x00000000a7400000| Untracked 
|  87|0x00000000a7500000, 0x00000000a7500000, 0x00000000a7600000|  0%| F|  |TAMS 0x00000000a7500000, 0x00000000a7500000| Untracked 
|  88|0x00000000a7600000, 0x00000000a7600000, 0x00000000a7700000|  0%| F|  |TAMS 0x00000000a7600000, 0x00000000a7600000| Untracked 
|  89|0x00000000a7700000, 0x00000000a7785b08, 0x00000000a7800000| 52%| E|  |TAMS 0x00000000a7700000, 0x00000000a7700000| Complete 
|  90|0x00000000a7800000, 0x00000000a7900000, 0x00000000a7900000|100%| E|CS|TAMS 0x00000000a7800000, 0x00000000a7800000| Complete 
|  91|0x00000000a7900000, 0x00000000a7a00000, 0x00000000a7a00000|100%| E|CS|TAMS 0x00000000a7900000, 0x00000000a7900000| Complete 
|  92|0x00000000a7a00000, 0x00000000a7b00000, 0x00000000a7b00000|100%| E|CS|TAMS 0x00000000a7a00000, 0x00000000a7a00000| Complete 
|  93|0x00000000a7b00000, 0x00000000a7c00000, 0x00000000a7c00000|100%| E|CS|TAMS 0x00000000a7b00000, 0x00000000a7b00000| Complete 
|  94|0x00000000a7c00000, 0x00000000a7d00000, 0x00000000a7d00000|100%| E|CS|TAMS 0x00000000a7c00000, 0x00000000a7c00000| Complete 
|  95|0x00000000a7d00000, 0x00000000a7e00000, 0x00000000a7e00000|100%| E|CS|TAMS 0x00000000a7d00000, 0x00000000a7d00000| Complete 

Card table byte_map: [0x00000204f2fc0000,0x00000204f32c0000] _byte_map_base: 0x00000204f2ab1000

Marking Bits (Prev, Next): (CMBitMap*) 0x00000204dbd9a9d0, (CMBitMap*) 0x00000204dbd9aa10
 Prev Bits: [0x00000204f35c0000, 0x00000204f4d48000)
 Next Bits: [0x00000204f4d50000, 0x00000204f64d8000)

Polling page: 0x00000204db520000

Metaspace:

Usage:
  Non-class:      5.67 MB used.
      Class:    774.40 KB used.
       Both:      6.43 MB used.

Virtual space:
  Non-class space:       64.00 MB reserved,       5.81 MB (  9%) committed,  1 nodes.
      Class space:        1.00 GB reserved,     896.00 KB ( <1%) committed,  1 nodes.
             Both:        1.06 GB reserved,       6.69 MB ( <1%) committed. 

Chunk freelists:
   Non-Class:  2.05 MB
       Class:  3.00 MB
        Both:  5.05 MB

MaxMetaspaceSize: unlimited
CompressedClassSpaceSize: 1.00 GB
Initial GC threshold: 21.00 MB
Current GC threshold: 21.00 MB
CDS: on
MetaspaceReclaimPolicy: balanced
 - commit_granule_bytes: 65536.
 - commit_granule_words: 8192.
 - virtual_space_node_default_size: 8388608.
 - enlarge_chunks_in_place: 1.
 - new_chunks_are_fully_committed: 0.
 - uncommit_free_chunks: 1.
 - use_allocation_guard: 0.


Internal statistics:

num_allocs_failed_limit: 0.
num_arena_births: 118.
num_arena_deaths: 0.
num_vsnodes_births: 2.
num_vsnodes_deaths: 0.
num_space_committed: 107.
num_space_uncommitted: 0.
num_chunks_returned_to_freelist: 0.
num_chunks_taken_from_freelist: 137.
num_chunk_merges: 0.
num_chunk_splits: 93.
num_chunks_enlarged: 59.
num_inconsistent_stats: 0.

CodeHeap 'non-profiled nmethods': size=120000Kb used=170Kb max_used=170Kb free=119829Kb
 bounds [0x00000204eb790000, 0x00000204eba00000, 0x00000204f2cc0000]
CodeHeap 'profiled nmethods': size=120000Kb used=801Kb max_used=801Kb free=119199Kb
 bounds [0x00000204e3cc0000, 0x00000204e3f30000, 0x00000204eb1f0000]
CodeHeap 'non-nmethods': size=5760Kb used=1312Kb max_used=1312Kb free=4447Kb
 bounds [0x00000204eb1f0000, 0x00000204eb460000, 0x00000204eb790000]
 total_blobs=1131 nmethods=588 adapters=454
 compilation: enabled
              stopped_count=0, restarted_count=0
 full_count=0

Compilation events (20 events):
Event: 0.343 Thread 0x00000204f897a590 nmethod 581 0x00000204e3d85490 code [0x00000204e3d85620, 0x00000204e3d85798]
Event: 0.343 Thread 0x00000204f897a590  579       3       java.lang.invoke.LambdaForm$MH/0x0000000801013400::invoke (25 bytes)
Event: 0.344 Thread 0x00000204f897a590 nmethod 579 0x00000204e3d85890 code [0x00000204e3d85a60, 0x00000204e3d85f98]
Event: 0.344 Thread 0x00000204f8972850 nmethod 557 0x00000204eb7b8390 code [0x00000204eb7b8540, 0x00000204eb7b8aa8]
Event: 0.344 Thread 0x00000204f8972850  577       4       java.lang.String::toString (2 bytes)
Event: 0.345 Thread 0x00000204f8972850 nmethod 577 0x00000204eb7b8d90 code [0x00000204eb7b8f00, 0x00000204eb7b8f78]
Event: 0.348 Thread 0x00000204f8972850  582       4       java.util.HashMap::resize (356 bytes)
Event: 0.370 Thread 0x00000204f8972850 nmethod 582 0x00000204eb7b9090 code [0x00000204eb7b9260, 0x00000204eb7ba0d8]
Event: 0.398 Thread 0x00000204f897a590  583       3       java.lang.invoke.LambdaFormEditor$TransformKey::packedBytes (30 bytes)
Event: 0.399 Thread 0x00000204f897a590 nmethod 583 0x00000204e3d86090 code [0x00000204e3d86220, 0x00000204e3d86318]
Event: 0.399 Thread 0x00000204f897a590  586       3       java.lang.invoke.LambdaFormEditor::getInCache (165 bytes)
Event: 0.399 Thread 0x00000204f897a590 nmethod 586 0x00000204e3d86390 code [0x00000204e3d86620, 0x00000204e3d87518]
Event: 0.399 Thread 0x00000204f897a590  584       3       java.lang.invoke.LambdaFormEditor$TransformKey::inRange (36 bytes)
Event: 0.400 Thread 0x00000204f897a590 nmethod 584 0x00000204e3d87890 code [0x00000204e3d87a20, 0x00000204e3d87b78]
Event: 0.400 Thread 0x00000204f897a590  585       3       java.lang.invoke.LambdaFormEditor$TransformKey::<init> (15 bytes)
Event: 0.400 Thread 0x00000204f897a590 nmethod 585 0x00000204e3d87c10 code [0x00000204e3d87dc0, 0x00000204e3d87f58]
Event: 0.402 Thread 0x00000204f897a590  587       3       java.lang.Character::charCount (12 bytes)
Event: 0.402 Thread 0x00000204f897a590 nmethod 587 0x00000204e3d88010 code [0x00000204e3d881c0, 0x00000204e3d88338]
Event: 0.402 Thread 0x00000204f897a590  588       3       javax.swing.UIDefaults$TextAndMnemonicHashMap::get (358 bytes)
Event: 0.406 Thread 0x00000204f8972850  592       4       java.util.HashMap::put (13 bytes)

GC Heap History (0 events):
No events

Dll operation events (8 events):
Event: 0.010 Loaded shared library C:\Program Files\Java\jdk-19\bin\java.dll
Event: 0.020 Loaded shared library C:\Program Files\Java\jdk-19\bin\jsvml.dll
Event: 0.083 Loaded shared library C:\Program Files\Java\jdk-19\bin\net.dll
Event: 0.085 Loaded shared library C:\Program Files\Java\jdk-19\bin\nio.dll
Event: 0.128 Loaded shared library C:\Program Files\Java\jdk-19\bin\jimage.dll
Event: 0.144 Loaded shared library C:\Program Files\Java\jdk-19\bin\awt.dll
Event: 0.282 Loaded shared library C:\Program Files\Java\jdk-19\bin\freetype.dll
Event: 0.283 Loaded shared library C:\Program Files\Java\jdk-19\bin\fontmanager.dll

Deoptimization events (4 events):
Event: 0.225 Thread 0x00000204dbd495b0 Uncommon trap: trap_request=0xffffff45 fr.pc=0x00000204eb79f610 relative=0x00000000000009f0
Event: 0.225 Thread 0x00000204dbd495b0 Uncommon trap: reason=unstable_if action=reinterpret pc=0x00000204eb79f610 method=java.util.HashMap.putVal(ILjava/lang/Object;Ljava/lang/Object;ZZ)Ljava/lang/Object; @ 236 c2
Event: 0.225 Thread 0x00000204dbd495b0 DEOPT PACKING pc=0x00000204eb79f610 sp=0x000000e6fbafe070
Event: 0.225 Thread 0x00000204dbd495b0 DEOPT UNPACKING pc=0x00000204eb256da3 sp=0x000000e6fbafe028 mode 2

Classes loaded (20 events):
Event: 0.404 Loading class javax/swing/plaf/synth/SynthContext
Event: 0.404 Loading class javax/swing/plaf/synth/SynthContext done
Event: 0.404 Loading class javax/swing/plaf/nimbus/NimbusStyle
Event: 0.404 Loading class javax/swing/plaf/nimbus/NimbusStyle done
Event: 0.404 Loading class javax/swing/plaf/nimbus/NimbusStyle$1
Event: 0.404 Loading class javax/swing/plaf/nimbus/NimbusStyle$1 done
Event: 0.404 Loading class javax/swing/plaf/nimbus/NimbusStyle$CacheKey
Event: 0.404 Loading class javax/swing/plaf/nimbus/NimbusStyle$CacheKey done
Event: 0.404 Loading class javax/swing/plaf/nimbus/SynthPainterImpl
Event: 0.405 Loading class javax/swing/plaf/synth/SynthPainter
Event: 0.405 Loading class javax/swing/plaf/synth/SynthPainter done
Event: 0.405 Loading class javax/swing/plaf/nimbus/SynthPainterImpl done
Event: 0.405 Loading class javax/swing/plaf/synth/SynthPainter$1
Event: 0.405 Loading class javax/swing/plaf/synth/SynthPainter$1 done
Event: 0.405 Loading class javax/swing/plaf/synth/SynthBorder
Event: 0.405 Loading class javax/swing/plaf/synth/SynthBorder done
Event: 0.405 Loading class javax/swing/plaf/nimbus/NimbusStyle$Values
Event: 0.405 Loading class javax/swing/plaf/nimbus/NimbusStyle$Values done
Event: 0.406 Loading class java/util/Hashtable$EntrySet
Event: 0.406 Loading class java/util/Hashtable$EntrySet done

Classes unloaded (0 events):
No events

Classes redefined (0 events):
No events

Internal exceptions (20 events):
Event: 0.325 Thread 0x00000204dbd495b0 Exception <a 'java/lang/ClassNotFoundException'{0x00000000a782b0b0}: PasswordField> (0x00000000a782b0b0) 
thrown [s\open\src\hotspot\share\classfile\systemDictionary.cpp, line 255]
Event: 0.325 Thread 0x00000204dbd495b0 Exception <a 'java/lang/ClassNotFoundException'{0x00000000a782b608}: TextArea> (0x00000000a782b608) 
thrown [s\open\src\hotspot\share\classfile\systemDictionary.cpp, line 255]
Event: 0.326 Thread 0x00000204dbd495b0 Exception <a 'java/lang/ClassNotFoundException'{0x00000000a782bf48}: TextPane> (0x00000000a782bf48) 
thrown [s\open\src\hotspot\share\classfile\systemDictionary.cpp, line 255]
Event: 0.326 Thread 0x00000204dbd495b0 Exception <a 'java/lang/ClassNotFoundException'{0x00000000a782c3b0}: EditorPane> (0x00000000a782c3b0) 
thrown [s\open\src\hotspot\share\classfile\systemDictionary.cpp, line 255]
Event: 0.327 Thread 0x00000204dbd495b0 Exception <a 'java/lang/ClassNotFoundException'{0x00000000a782cd10}: ToolBar> (0x00000000a782cd10) 
thrown [s\open\src\hotspot\share\classfile\systemDictionary.cpp, line 255]
Event: 0.327 Thread 0x00000204dbd495b0 Exception <a 'java/lang/ClassNotFoundException'{0x00000000a782d208}: ToolBar> (0x00000000a782d208) 
thrown [s\open\src\hotspot\share\classfile\systemDictionary.cpp, line 255]
Event: 0.327 Thread 0x00000204dbd495b0 Exception <a 'java/lang/ClassNotFoundException'{0x00000000a782d568}: Button> (0x00000000a782d568) 
thrown [s\open\src\hotspot\share\classfile\systemDictionary.cpp, line 255]
Event: 0.327 Thread 0x00000204dbd495b0 Exception <a 'java/lang/ClassNotFoundException'{0x00000000a782da30}: ToolBar> (0x00000000a782da30) 
thrown [s\open\src\hotspot\share\classfile\systemDictionary.cpp, line 255]
Event: 0.327 Thread 0x00000204dbd495b0 Exception <a 'java/lang/ClassNotFoundException'{0x00000000a782dda0}: ToggleButton> (0x00000000a782dda0) 
thrown [s\open\src\hotspot\share\classfile\systemDictionary.cpp, line 255]
Event: 0.327 Thread 0x00000204dbd495b0 Exception <a 'java/lang/ClassNotFoundException'{0x00000000a782e1e0}: javax/swing/JToolBarSeparator> (0x00000000a782e1e0) 
thrown [s\open\src\hotspot\share\classfile\systemDictionary.cpp, line 255]
Event: 0.327 Thread 0x00000204dbd495b0 Exception <a 'java/lang/ClassNotFoundException'{0x00000000a782e4f0}: ToolBarSeparator> (0x00000000a782e4f0) 
thrown [s\open\src\hotspot\share\classfile\systemDictionary.cpp, line 255]
Event: 0.327 Thread 0x00000204dbd495b0 Exception <a 'java/lang/ClassNotFoundException'{0x00000000a782ea08}: ToolTip> (0x00000000a782ea08) 
thrown [s\open\src\hotspot\share\classfile\systemDictionary.cpp, line 255]
Event: 0.328 Thread 0x00000204dbd495b0 Exception <a 'java/lang/ClassNotFoundException'{0x00000000a782f358}: Tree> (0x00000000a782f358) 
thrown [s\open\src\hotspot\share\classfile\systemDictionary.cpp, line 255]
Event: 0.328 Thread 0x00000204dbd495b0 Exception <a 'java/lang/ClassNotFoundException'{0x00000000a782f850}: Tree> (0x00000000a782f850) 
thrown [s\open\src\hotspot\share\classfile\systemDictionary.cpp, line 255]
Event: 0.328 Thread 0x00000204dbd495b0 Exception <a 'java/lang/ClassNotFoundException'{0x00000000a782fbc0}: javax/swing/JTreeCell> (0x00000000a782fbc0) 
thrown [s\open\src\hotspot\share\classfile\systemDictionary.cpp, line 255]
Event: 0.328 Thread 0x00000204dbd495b0 Exception <a 'java/lang/ClassNotFoundException'{0x00000000a782fec8}: TreeCell> (0x00000000a782fec8) 
thrown [s\open\src\hotspot\share\classfile\systemDictionary.cpp, line 255]
Event: 0.329 Thread 0x00000204dbd495b0 Exception <a 'java/lang/ClassNotFoundException'{0x00000000a7830680}: RootPane> (0x00000000a7830680) 
thrown [s\open\src\hotspot\share\classfile\systemDictionary.cpp, line 255]
Event: 0.330 Thread 0x00000204dbd495b0 Exception <a 'java/lang/ClassNotFoundException'{0x00000000a7833490}: com/sun/swing/internal/plaf/metal/resources/spi/metalProvider> (0x00000000a7833490) 
thrown [s\open\src\hotspot\share\classfile\systemDictionary.cpp, line 255]
Event: 0.332 Thread 0x00000204dbd495b0 Exception <a 'java/lang/ClassNotFoundException'{0x00000000a7837160}: com/sun/swing/internal/plaf/basic/resources/spi/basicProvider> (0x00000000a7837160) 
thrown [s\open\src\hotspot\share\classfile\systemDictionary.cpp, line 255]
Event: 0.401 Thread 0x00000204fcf6a020 Exception <a 'java/lang/ClassNotFoundException'{0x00000000a7892bf0}: com/sun/swing/internal/plaf/synth/resources/spi/synthProvider> (0x00000000a7892bf0) 
thrown [s\open\src\hotspot\share\classfile\systemDictionary.cpp, line 255]

VM Operations (4 events):
Event: 0.090 Executing VM operation: HandshakeAllThreads
Event: 0.090 Executing VM operation: HandshakeAllThreads done
Event: 0.175 Executing VM operation: HandshakeAllThreads
Event: 0.176 Executing VM operation: HandshakeAllThreads done

Events (18 events):
Event: 0.020 Thread 0x00000204dbd495b0 Thread added: 0x00000204dbd495b0
Event: 0.034 Thread 0x00000204f8961fc0 Thread added: 0x00000204f8961fc0
Event: 0.034 Thread 0x00000204f8962db0 Thread added: 0x00000204f8962db0
Event: 0.035 Thread 0x00000204f8969c10 Thread added: 0x00000204f8969c10
Event: 0.035 Thread 0x00000204f896a540 Thread added: 0x00000204f896a540
Event: 0.035 Thread 0x00000204f896b610 Thread added: 0x00000204f896b610
Event: 0.035 Thread 0x00000204f896bf40 Thread added: 0x00000204f896bf40
Event: 0.035 Thread 0x00000204f8972850 Thread added: 0x00000204f8972850
Event: 0.035 Thread 0x00000204f897a590 Thread added: 0x00000204f897a590
Event: 0.035 Thread 0x00000204f897df00 Thread added: 0x00000204f897df00
Event: 0.067 Thread 0x00000204fcc720c0 Thread added: 0x00000204fcc720c0
Event: 0.105 Thread 0x00000204fcd2caa0 Thread added: 0x00000204fcd2caa0
Event: 0.204 Thread 0x00000204fcde92a0 Thread added: 0x00000204fcde92a0
Event: 0.205 Thread 0x00000204fcde97e0 Thread added: 0x00000204fcde97e0
Event: 0.206 Thread 0x00000204fcebd020 Thread added: 0x00000204fcebd020
Event: 0.345 Thread 0x00000204fcf6a020 Thread added: 0x00000204fcf6a020
Event: 0.345 Thread 0x00000204dbd495b0 Thread exited: 0x00000204dbd495b0
Event: 0.345 Thread 0x00000204dbd495b0 Thread added: 0x00000204dbd495b0


Dynamic libraries:
0x00007ff693c00000 - 0x00007ff693c10000 	C:\Program Files\Java\jdk-19\bin\java.exe
0x00007ffcdefc0000 - 0x00007ffcdf1c9000 	C:\WINDOWS\SYSTEM32\ntdll.dll
0x00007ffcdd500000 - 0x00007ffcdd5bd000 	C:\WINDOWS\System32\KERNEL32.DLL
0x00007ffcdc5c0000 - 0x00007ffcdc939000 	C:\WINDOWS\System32\KERNELBASE.dll
0x00007ffcdcad0000 - 0x00007ffcdcbe1000 	C:\WINDOWS\System32\ucrtbase.dll
0x00007ffcd4d60000 - 0x00007ffcd4d7b000 	C:\Program Files\Java\jdk-19\bin\VCRUNTIME140.dll
0x00007ffcd9060000 - 0x00007ffcd9078000 	C:\Program Files\Java\jdk-19\bin\jli.dll
0x00007ffcdd290000 - 0x00007ffcdd33e000 	C:\WINDOWS\System32\ADVAPI32.dll
0x00007ffcdd1e0000 - 0x00007ffcdd283000 	C:\WINDOWS\System32\msvcrt.dll
0x00007ffcdd380000 - 0x00007ffcdd41e000 	C:\WINDOWS\System32\sechost.dll
0x00007ffcdcf00000 - 0x00007ffcdd020000 	C:\WINDOWS\System32\RPCRT4.dll
0x00007ffcddaf0000 - 0x00007ffcddc9c000 	C:\WINDOWS\System32\USER32.dll
0x00007ffcdce20000 - 0x00007ffcdce46000 	C:\WINDOWS\System32\win32u.dll
0x00007ffcde360000 - 0x00007ffcde389000 	C:\WINDOWS\System32\GDI32.dll
0x00007ffcdc4a0000 - 0x00007ffcdc5b2000 	C:\WINDOWS\System32\gdi32full.dll
0x00007ffcdc9b0000 - 0x00007ffcdca4d000 	C:\WINDOWS\System32\msvcp_win.dll
0x00007ffcc0440000 - 0x00007ffcc06e5000 	C:\WINDOWS\WinSxS\amd64_microsoft.windows.common-controls_6595b64144ccf1df_6.0.22000.120_none_9d947278b86cc467\COMCTL32.dll
0x00007ffcd2de0000 - 0x00007ffcd2dea000 	C:\WINDOWS\SYSTEM32\VERSION.dll
0x00007ffcdd340000 - 0x00007ffcdd371000 	C:\WINDOWS\System32\IMM32.DLL
0x00007ffcd8190000 - 0x00007ffcd819c000 	C:\Program Files\Java\jdk-19\bin\vcruntime140_1.dll
0x00007ffcb3fa0000 - 0x00007ffcb402e000 	C:\Program Files\Java\jdk-19\bin\msvcp140.dll
0x00007ffc860d0000 - 0x00007ffc86d90000 	C:\Program Files\Java\jdk-19\bin\server\jvm.dll
0x00007ffcd8230000 - 0x00007ffcd8239000 	C:\WINDOWS\SYSTEM32\WSOCK32.dll
0x00007ffcdef10000 - 0x00007ffcdef7f000 	C:\WINDOWS\System32\WS2_32.dll
0x00007ffcd4d80000 - 0x00007ffcd4db3000 	C:\WINDOWS\SYSTEM32\WINMM.dll
0x00007ffcdb5a0000 - 0x00007ffcdb5b8000 	C:\WINDOWS\SYSTEM32\kernel.appcore.dll
0x00007ffcd8160000 - 0x00007ffcd816a000 	C:\Program Files\Java\jdk-19\bin\jimage.dll
0x00007ffcda250000 - 0x00007ffcda471000 	C:\WINDOWS\SYSTEM32\DBGHELP.DLL
0x00007ffcc22b0000 - 0x00007ffcc22e1000 	C:\WINDOWS\SYSTEM32\dbgcore.DLL
0x00007ffcdca50000 - 0x00007ffcdcacf000 	C:\WINDOWS\System32\bcryptPrimitives.dll
0x00007ffccd8d0000 - 0x00007ffccd8f6000 	C:\Program Files\Java\jdk-19\bin\java.dll
0x00007ffcabd80000 - 0x00007ffcabe57000 	C:\Program Files\Java\jdk-19\bin\jsvml.dll
0x00007ffcde470000 - 0x00007ffcdec28000 	C:\WINDOWS\System32\SHELL32.dll
0x00007ffcda610000 - 0x00007ffcdae78000 	C:\WINDOWS\SYSTEM32\windows.storage.dll
0x00007ffcddfe0000 - 0x00007ffcde359000 	C:\WINDOWS\System32\combase.dll
0x00007ffcda4a0000 - 0x00007ffcda606000 	C:\WINDOWS\SYSTEM32\wintypes.dll
0x00007ffcded40000 - 0x00007ffcdee2a000 	C:\WINDOWS\System32\SHCORE.dll
0x00007ffcde390000 - 0x00007ffcde3ed000 	C:\WINDOWS\System32\shlwapi.dll
0x00007ffcdc3d0000 - 0x00007ffcdc3f1000 	C:\WINDOWS\SYSTEM32\profapi.dll
0x00007ffcce090000 - 0x00007ffcce0a3000 	C:\Program Files\Java\jdk-19\bin\net.dll
0x00007ffcd44a0000 - 0x00007ffcd45ac000 	C:\WINDOWS\SYSTEM32\WINHTTP.dll
0x00007ffcdb9d0000 - 0x00007ffcdba37000 	C:\WINDOWS\system32\mswsock.dll
0x00007ffccc2d0000 - 0x00007ffccc2e6000 	C:\Program Files\Java\jdk-19\bin\nio.dll
0x00007ffca4ba0000 - 0x00007ffca4d31000 	C:\Program Files\Java\jdk-19\bin\awt.dll
0x00007ffcdd420000 - 0x00007ffcdd4f6000 	C:\WINDOWS\System32\OLEAUT32.dll
0x00007ffcd96d0000 - 0x00007ffcd9761000 	C:\WINDOWS\SYSTEM32\apphelp.dll
0x00007ffcd9870000 - 0x00007ffcd991c000 	C:\WINDOWS\system32\uxtheme.dll
0x00007ffcddca0000 - 0x00007ffcdddbe000 	C:\WINDOWS\System32\MSCTF.dll
0x00007ffcdde40000 - 0x00007ffcddfda000 	C:\WINDOWS\System32\ole32.dll
0x00007ffcd9c20000 - 0x00007ffcd9c4f000 	C:\WINDOWS\system32\DWMAPI.DLL
0x00007ffcaac50000 - 0x00007ffcaacd6000 	C:\Program Files\Java\jdk-19\bin\freetype.dll
0x00007ffca8be0000 - 0x00007ffca8ca6000 	C:\Program Files\Java\jdk-19\bin\fontmanager.dll
0x00007ffc90140000 - 0x00007ffc90241000 	C:\WINDOWS\system32\opengl32.dll
0x00007ffc8fb60000 - 0x00007ffc8fb8d000 	C:\WINDOWS\SYSTEM32\GLU32.dll
0x00007ffcd9980000 - 0x00007ffcd99b8000 	C:\WINDOWS\SYSTEM32\dxcore.dll
0x00007ffc979e0000 - 0x00007ffc97b86000 	C:\WINDOWS\system32\d3d9.dll
0x00007ffcd2e10000 - 0x00007ffcd2fcb000 	C:\WINDOWS\System32\DriverStore\FileRepository\u0385914.inf_amd64_728327554da2f068\B382773\aticfx64.dll
0x00007ffcd9020000 - 0x00007ffcd9054000 	C:\WINDOWS\System32\DriverStore\FileRepository\u0385914.inf_amd64_728327554da2f068\B382773\atiu9p64.dll
0x00007ffc8e4a0000 - 0x00007ffc8f1f5000 	C:\WINDOWS\System32\DriverStore\FileRepository\u0385914.inf_amd64_728327554da2f068\B382773\atiumd64.dll
0x00007ffcd02b0000 - 0x00007ffcd02e5000 	C:\WINDOWS\SYSTEM32\amdihk64.dll
0x00007ffcd6ec0000 - 0x00007ffcd6f04000 	C:\WINDOWS\SYSTEM32\directxdatabasehelper.dll
0x00007ffcd9b00000 - 0x00007ffcd9b34000 	C:\WINDOWS\SYSTEM32\ntmarta.dll

dbghelp: loaded successfully - version: 4.0.5 - missing functions: none
symbol engine: initialized successfully - sym options: 0x614 - pdb path: .;C:\Program Files\Java\jdk-19\bin;C:\WINDOWS\SYSTEM32;C:\WINDOWS\WinSxS\amd64_microsoft.windows.common-controls_6595b64144ccf1df_6.0.22000.120_none_9d947278b86cc467;C:\Program Files\Java\jdk-19\bin\server;C:\WINDOWS\System32\DriverStore\FileRepository\u0385914.inf_amd64_728327554da2f068\B382773

VM Arguments:
jvm_args: -Dfile.encoding=UTF-8 --module-path=C:\Users\joaov\OneDrive\Ambiente de Trabalho\Projeto Final Poo\Tetris 2.0\Nova pasta (2)\build\classes 
java_command: tetris.gui.GraphicsTetrisDialog
java_class_path (initial): C:\Users\joaov\OneDrive\Ambiente de Trabalho\Projeto Final Poo\Tetris 2.0\Nova pasta (2)\build\classes
Launcher Type: SUN_STANDARD

[Global flags]
     intx CICompilerCount                          = 3                                         {product} {ergonomic}
     uint ConcGCThreads                            = 1                                         {product} {ergonomic}
     uint G1ConcRefinementThreads                  = 4                                         {product} {ergonomic}
   size_t G1HeapRegionSize                         = 1048576                                   {product} {ergonomic}
    uintx GCDrainStackTargetSize                   = 64                                        {product} {ergonomic}
   size_t InitialHeapSize                          = 100663296                                 {product} {ergonomic}
   size_t MarkStackSize                            = 4194304                                   {product} {ergonomic}
   size_t MaxHeapSize                              = 1579155456                                {product} {ergonomic}
   size_t MaxNewSize                               = 946864128                                 {product} {ergonomic}
   size_t MinHeapDeltaBytes                        = 1048576                                   {product} {ergonomic}
   size_t MinHeapSize                              = 8388608                                   {product} {ergonomic}
    uintx NonNMethodCodeHeapSize                   = 5832780                                {pd product} {ergonomic}
    uintx NonProfiledCodeHeapSize                  = 122912730                              {pd product} {ergonomic}
    uintx ProfiledCodeHeapSize                     = 122912730                              {pd product} {ergonomic}
    uintx ReservedCodeCacheSize                    = 251658240                              {pd product} {ergonomic}
     bool SegmentedCodeCache                       = true                                      {product} {ergonomic}
   size_t SoftMaxHeapSize                          = 1579155456                             {manageable} {ergonomic}
     bool UseCompressedClassPointers               = true                           {product lp64_product} {ergonomic}
     bool UseCompressedOops                        = true                           {product lp64_product} {ergonomic}
     bool UseG1GC                                  = true                                      {product} {ergonomic}
     bool UseLargePagesIndividualAllocation        = false                                  {pd product} {ergonomic}

Logging:
Log output configuration:
 #0: stdout all=warning uptime,level,tags foldmultilines=false
 #1: stderr all=off uptime,level,tags foldmultilines=false

Environment Variables:
JAVA_HOME=C:\Users\joaov\AppData\Local\Programs\Eclipse Adoptium\jdk-11.0.13.8-hotspot\
PATH=C:\Program Files\Common Files\Oracle\Java\javapath;C:\Program Files (x86)\Common Files\Oracle\Java\javapath;C:\WINDOWS\system32;C:\WINDOWS;C:\WINDOWS\System32\Wbem;C:\WINDOWS\System32\WindowsPowerShell\v1.0\;C:\WINDOWS\System32\OpenSSH\;C:\Users\joaov\AppData\Local\Programs\Python\Python311\Scripts\;C:\Users\joaov\AppData\Local\Programs\Python\Python311\;C:\Users\joaov\AppData\Local\Programs\Eclipse Adoptium\jdk-11.0.13.8-hotspot\bin;C:\Users\joaov\AppData\Local\Microsoft\WindowsApps;;C:\Users\joaov\AppData\Local\Programs\Microsoft VS Code\bin;C:\Program Files\JetBrains\IntelliJ IDEA 2021.3\bin;;C:\Program Files\JetBrains\PyCharm Community Edition 2022.2.3\bin;
USERNAME=joaov
OS=Windows_NT
PROCESSOR_IDENTIFIER=AMD64 Family 23 Model 24 Stepping 1, AuthenticAMD
TMP=C:\Users\joaov\AppData\Local\Temp
TEMP=C:\Users\joaov\AppData\Local\Temp



---------------  S Y S T E M  ---------------

OS:
 Windows 11 , 64 bit Build 22000 (10.0.22000.708)
OS uptime: 18 days 3:16 hours

CPU: total 4 (initial active 4) (4 cores per cpu, 2 threads per core) family 23 model 24 stepping 1 microcode 0x0, cx8, cmov, fxsr, ht, mmx, 3dnowpref, sse, sse2, sse3, ssse3, sse4a, sse4.1, sse4.2, popcnt, lzcnt, tsc, tscinvbit, avx, avx2, aes, clmul, bmi1, bmi2, adx, sha, fma, vzeroupper, clflush, clflushopt, rdtscp

Memory: 4k page, system-wide physical 6020M (318M free)
TotalPageFile size 21123M (AvailPageFile size 1M)
current process WorkingSet (physical memory assigned to process): 60M, peak: 60M
current process commit charge ("private bytes"): 186M, peak: 187M

vm_info: Java HotSpot(TM) 64-Bit Server VM (19.0.2+7-44) for windows-amd64 JRE (19.0.2+7-44), built on 2022-11-30T18:02:09Z by "mach5one" with MS VC++ 17.1 (VS2022)

END.
